<?xml version="1.0" encoding="UTF-8"?>
<testng-results ignored="0" total="2" passed="1" failed="1" skipped="0">
  <reporter-output>
  </reporter-output>
  <suite started-at="2023-05-04T11:56:35 IST" name="Suite" finished-at="2023-05-04T11:57:13 IST" duration-ms="37257">
    <groups>
    </groups>
    <test started-at="2023-05-04T11:56:35 IST" name="Test" finished-at="2023-05-04T11:57:13 IST" duration-ms="37257">
      <class name="day10.Task4and5">
        <test-method is-config="true" signature="before()[pri:0, instance:day10.Task4and5@765d7657]" started-at="2023-05-04T11:56:35 IST" name="before" finished-at="2023-05-04T11:56:36 IST" duration-ms="271" status="PASS">
          <reporter-output>
          </reporter-output>
        </test-method> <!-- before -->
        <test-method is-config="true" signature="dum(java.lang.String)[pri:0, instance:day10.Task4and5@765d7657]" started-at="2023-05-04T11:56:36 IST" name="dum" finished-at="2023-05-04T11:56:47 IST" duration-ms="11131" status="PASS">
          <params>
            <param index="0">
              <value>
                <![CDATA[edge]]>
              </value>
            </param>
          </params>
          <reporter-output>
          </reporter-output>
        </test-method> <!-- dum -->
        <test-method signature="Case1()[pri:0, instance:day10.Task4and5@765d7657]" started-at="2023-05-04T11:56:47 IST" name="Case1" finished-at="2023-05-04T11:56:54 IST" duration-ms="6688" status="PASS">
          <reporter-output>
          </reporter-output>
        </test-method> <!-- Case1 -->
        <test-method is-config="true" signature="something(org.testng.ITestResult)[pri:0, instance:day10.Task4and5@765d7657]" started-at="2023-05-04T11:56:54 IST" name="something" finished-at="2023-05-04T11:56:54 IST" duration-ms="375" status="PASS">
          <params>
            <param index="0">
              <value>
                <![CDATA[[TestResult name=Case1 status=SUCCESS method=Task4and5.Case1()[pri:0, instance:day10.Task4and5@765d7657] output={null}]]]>
              </value>
            </param>
          </params>
          <reporter-output>
          </reporter-output>
        </test-method> <!-- something -->
        <test-method is-config="true" signature="dum(java.lang.String)[pri:0, instance:day10.Task4and5@765d7657]" started-at="2023-05-04T11:56:54 IST" name="dum" finished-at="2023-05-04T11:57:06 IST" duration-ms="11658" status="PASS">
          <params>
            <param index="0">
              <value>
                <![CDATA[edge]]>
              </value>
            </param>
          </params>
          <reporter-output>
          </reporter-output>
        </test-method> <!-- dum -->
        <test-method signature="Case2()[pri:0, instance:day10.Task4and5@765d7657]" started-at="2023-05-04T11:57:06 IST" name="Case2" finished-at="2023-05-04T11:57:12 IST" duration-ms="6446" status="FAIL">
          <exception class="java.lang.AssertionError">
            <message>
              <![CDATA[expected [https://opensource-demo.orangehrmlive.com/web/index.php/auth/login] but found [https://opensource-demo.orangehrmlive.com/web/index.php/dashboard/index]]]>
            </message>
            <full-stacktrace>
              <![CDATA[java.lang.AssertionError: expected [https://opensource-demo.orangehrmlive.com/web/index.php/auth/login] but found [https://opensource-demo.orangehrmlive.com/web/index.php/dashboard/index]
at org.testng.Assert.fail(Assert.java:110)
at org.testng.Assert.failNotEquals(Assert.java:1577)
at org.testng.Assert.assertEqualsImpl(Assert.java:149)
at org.testng.Assert.assertEquals(Assert.java:131)
at org.testng.Assert.assertEquals(Assert.java:655)
at org.testng.Assert.assertEquals(Assert.java:665)
at day10.Task4and5.Case2(Task4and5.java:93)
at java.base/jdk.internal.reflect.DirectMethodHandleAccessor.invoke(DirectMethodHandleAccessor.java:104)
at java.base/java.lang.reflect.Method.invoke(Method.java:578)
at org.testng.internal.invokers.MethodInvocationHelper.invokeMethod(MethodInvocationHelper.java:139)
at org.testng.internal.invokers.TestInvoker.invokeMethod(TestInvoker.java:677)
at org.testng.internal.invokers.TestInvoker.invokeTestMethod(TestInvoker.java:221)
at org.testng.internal.invokers.MethodRunner.runInSequence(MethodRunner.java:50)
at org.testng.internal.invokers.TestInvoker$MethodInvocationAgent.invoke(TestInvoker.java:969)
at org.testng.internal.invokers.TestInvoker.invokeTestMethods(TestInvoker.java:194)
at org.testng.internal.invokers.TestMethodWorker.invokeTestMethods(TestMethodWorker.java:148)
at org.testng.internal.invokers.TestMethodWorker.run(TestMethodWorker.java:128)
at java.base/java.util.ArrayList.forEach(ArrayList.java:1511)
at org.testng.TestRunner.privateRun(TestRunner.java:829)
at org.testng.TestRunner.run(TestRunner.java:602)
at org.testng.SuiteRunner.runTest(SuiteRunner.java:437)
at org.testng.SuiteRunner.runSequentially(SuiteRunner.java:431)
at org.testng.SuiteRunner.privateRun(SuiteRunner.java:391)
at org.testng.SuiteRunner.run(SuiteRunner.java:330)
at org.testng.SuiteRunnerWorker.runSuite(SuiteRunnerWorker.java:52)
at org.testng.SuiteRunnerWorker.run(SuiteRunnerWorker.java:95)
at org.testng.TestNG.runSuitesSequentially(TestNG.java:1256)
at org.testng.TestNG.runSuitesLocally(TestNG.java:1176)
at org.testng.TestNG.runSuites(TestNG.java:1099)
at org.testng.TestNG.run(TestNG.java:1067)
at org.testng.remote.AbstractRemoteTestNG.run(AbstractRemoteTestNG.java:115)
at org.testng.remote.RemoteTestNG.initAndRun(RemoteTestNG.java:251)
at org.testng.remote.RemoteTestNG.main(RemoteTestNG.java:77)
]]>
            </full-stacktrace>
          </exception> <!-- java.lang.AssertionError -->
          <reporter-output>
          </reporter-output>
        </test-method> <!-- Case2 -->
        <test-method is-config="true" signature="something(org.testng.ITestResult)[pri:0, instance:day10.Task4and5@765d7657]" started-at="2023-05-04T11:57:12 IST" name="something" finished-at="2023-05-04T11:57:13 IST" duration-ms="638" status="PASS">
          <params>
            <param index="0">
              <value>
                <![CDATA[[TestResult name=Case2 status=FAILURE method=Task4and5.Case2()[pri:0, instance:day10.Task4and5@765d7657] output={null}]]]>
              </value>
            </param>
          </params>
          <reporter-output>
          </reporter-output>
        </test-method> <!-- something -->
      </class> <!-- day10.Task4and5 -->
    </test> <!-- Test -->
  </suite> <!-- Suite -->
</testng-results>
